#
# There is insufficient memory for the Java Runtime Environment to continue.
# Native memory allocation (mmap) failed to map 335544320 bytes. Error detail: G1 virtual space
# Possible reasons:
#   The system is out of physical RAM or swap space
#   This process is running with CompressedOops enabled, and the Java Heap may be blocking the growth of the native heap
# Possible solutions:
#   Reduce memory load on the system
#   Increase physical memory or swap space
#   Check if swap backing store is full
#   Decrease Java heap size (-Xmx/-Xms)
#   Decrease number of Java threads
#   Decrease Java thread stack sizes (-Xss)
#   Set larger code cache with -XX:ReservedCodeCacheSize=
#   JVM is running with Zero Based Compressed Oops mode in which the Java heap is
#     placed in the first 32GB address space. The Java Heap base address is the
#     maximum limit for the native heap growth. Please use -XX:HeapBaseMinAddress
#     to set the Java Heap base and to place the Java Heap above 32GB virtual address.
# This output file may be truncated or incomplete.
#
#  Out of Memory Error (os_windows.cpp:3825), pid=14376, tid=18100
#
# JRE version:  (17.0.11) (build )
# Java VM: OpenJDK 64-Bit Server VM (17.0.11+0--11852314, mixed mode, sharing, tiered, compressed oops, compressed class ptrs, g1 gc, windows-amd64)
# No core dump will be written. Minidumps are not enabled by default on client versions of Windows
#

---------------  S U M M A R Y ------------

Command Line: git4idea.http.GitAskPassApp Username for 'https://github.com': 

Host: Intel(R) Core(TM) i5-8250U CPU @ 1.60GHz, 8 cores, 19G,  Windows 10 , 64 bit Build 19041 (10.0.19041.4842)
Time: Wed Sep 25 14:23:40 2024 Hora verano Sudamérica Pacífico elapsed time: 0.012458 seconds (0d 0h 0m 0s)

---------------  T H R E A D  ---------------

Current thread (0x0000024d3f8816c0):  JavaThread "Unknown thread" [_thread_in_vm, id=18100, stack(0x000000c79eb00000,0x000000c79ec00000)]

Stack: [0x000000c79eb00000,0x000000c79ec00000]
Native frames: (J=compiled Java code, j=interpreted, Vv=VM code, C=native code)
V  [jvm.dll+0x687bb9]
V  [jvm.dll+0x84142a]
V  [jvm.dll+0x8430ae]
V  [jvm.dll+0x843713]
V  [jvm.dll+0x24a35f]
V  [jvm.dll+0x684989]
V  [jvm.dll+0x67923a]
V  [jvm.dll+0x30af0b]
V  [jvm.dll+0x3123b6]
V  [jvm.dll+0x361dfe]
V  [jvm.dll+0x36202f]
V  [jvm.dll+0x2e0d38]
V  [jvm.dll+0x2e1ca4]
V  [jvm.dll+0x811f21]
V  [jvm.dll+0x36fb68]
V  [jvm.dll+0x7f0896]
V  [jvm.dll+0x3f3d2f]
V  [jvm.dll+0x3f58e1]
C  [jli.dll+0x528f]
C  [ucrtbase.dll+0x21bb2]
C  [KERNEL32.DLL+0x17374]
C  [ntdll.dll+0x4cc91]


---------------  P R O C E S S  ---------------

Threads class SMR info:
_java_thread_list=0x00007fff70b0efd8, length=0, elements={
}

Java Threads: ( => current thread )

Other Threads:
  0x0000024d3f8f7bb0 GCTaskThread "GC Thread#0" [stack: 0x000000c79ec00000,0x000000c79ed00000] [id=4604]
  0x0000024d3f902a00 ConcurrentGCThread "G1 Main Marker" [stack: 0x000000c79ed00000,0x000000c79ee00000] [id=11852]
  0x0000024d3f905bd0 ConcurrentGCThread "G1 Conc#0" [stack: 0x000000c79ee00000,0x000000c79ef00000] [id=5556]

[error occurred during error reporting (printing all threads), id 0xc0000005, EXCEPTION_ACCESS_VIOLATION (0xc0000005) at pc=0x00007fff702c1907]

VM state: not at safepoint (not fully initialized)

VM Mutex/Monitor currently owned by a thread:  ([mutex/lock_event])
[0x0000024d3f87e8c0] Heap_lock - owner thread: 0x0000024d3f8816c0

Heap address: 0x00000006c2000000, size: 5088 MB, Compressed Oops mode: Zero based, Oop shift amount: 3

CDS archive(s) mapped at: [0x0000000000000000-0x0000000000000000-0x0000000000000000), size 0, SharedBaseAddress: 0x0000000800000000, ArchiveRelocationMode: 1.
Narrow klass base: 0x0000000000000000, Narrow klass shift: 0, Narrow klass range: 0x0

GC Precious Log:
<Empty>

Heap:
 garbage-first heap   total 0K, used 0K [0x00000006c2000000, 0x0000000800000000)
  region size 4096K, 0 young (0K), 0 survivors (0K)
 Metaspace       used 0K, committed 0K, reserved 0K
  class space    used 0K, committed 0K, reserved 0K

Heap Regions: E=young(eden), S=young(survivor), O=old, HS=humongous(starts), HC=humongous(continues), CS=collection set, F=free, OA=open archive, CA=closed archive, TAMS=top-at-mark-start (previous, next)

Card table byte_map: [0x0000024d549a0000,0x0000024d55390000] _byte_map_base: 0x0000024d51390000

Marking Bits (Prev, Next): (CMBitMap*) 0x0000024d3f8f81d0, (CMBitMap*) 0x0000024d3f8f8210
 Prev Bits: [0x0000024d55d80000, 0x0000024d5ad00000)
 Next Bits: [0x0000024d5ad00000, 0x0000024d5fc80000)

GC Heap History (0 events):
No events

Dll operation events (1 events):
Event: 0.006 Loaded shared library C:\Program Files\Android\Android Studio\jbr\bin\java.dll

Deoptimization events (0 events):
No events

Classes unloaded (0 events):
No events

Classes redefined (0 events):
No events

Internal exceptions (0 events):
No events

VM Operations (0 events):
No events

Events (0 events):
No events


Dynamic libraries:
0x00007ff6e7aa0000 - 0x00007ff6e7aaa000 	C:\Program Files\Android\Android Studio\jbr\bin\java.exe
0x00007fffd0790000 - 0x00007fffd0988000 	C:\WINDOWS\SYSTEM32\ntdll.dll
0x00007fffcf3c0000 - 0x00007fffcf481000 	C:\WINDOWS\System32\KERNEL32.DLL
0x00007fffce2d0000 - 0x00007fffce5cd000 	C:\WINDOWS\System32\KERNELBASE.dll
0x00007fffce670000 - 0x00007fffce770000 	C:\WINDOWS\System32\ucrtbase.dll
0x00007fffc60d0000 - 0x00007fffc60e7000 	C:\Program Files\Android\Android Studio\jbr\bin\jli.dll
0x00007fffc7320000 - 0x00007fffc733b000 	C:\Program Files\Android\Android Studio\jbr\bin\VCRUNTIME140.dll
0x00007fffd0250000 - 0x00007fffd03ed000 	C:\WINDOWS\System32\USER32.dll
0x00007fffab910000 - 0x00007fffabbaa000 	C:\WINDOWS\WinSxS\amd64_microsoft.windows.common-controls_6595b64144ccf1df_6.0.19041.4355_none_60b8b9eb71f62e16\COMCTL32.dll
0x00007fffcdf60000 - 0x00007fffcdf82000 	C:\WINDOWS\System32\win32u.dll
0x00007fffcf920000 - 0x00007fffcf94b000 	C:\WINDOWS\System32\GDI32.dll
0x00007fffce7c0000 - 0x00007fffce85e000 	C:\WINDOWS\System32\msvcrt.dll
0x00007fffcdf90000 - 0x00007fffce0a7000 	C:\WINDOWS\System32\gdi32full.dll
0x00007fffce5d0000 - 0x00007fffce66d000 	C:\WINDOWS\System32\msvcp_win.dll
0x00007fffcf860000 - 0x00007fffcf88f000 	C:\WINDOWS\System32\IMM32.DLL
0x00007fffc9480000 - 0x00007fffc948c000 	C:\Program Files\Android\Android Studio\jbr\bin\vcruntime140_1.dll
0x00007fff97120000 - 0x00007fff971ad000 	C:\Program Files\Android\Android Studio\jbr\bin\msvcp140.dll
0x00007fff6ffd0000 - 0x00007fff70c53000 	C:\Program Files\Android\Android Studio\jbr\bin\server\jvm.dll
0x00007fffd06a0000 - 0x00007fffd0750000 	C:\WINDOWS\System32\ADVAPI32.dll
0x00007fffd0460000 - 0x00007fffd0500000 	C:\WINDOWS\System32\sechost.dll
0x00007fffcf710000 - 0x00007fffcf833000 	C:\WINDOWS\System32\RPCRT4.dll
0x00007fffce210000 - 0x00007fffce237000 	C:\WINDOWS\System32\bcrypt.dll
0x00007fffb60a0000 - 0x00007fffb60c7000 	C:\WINDOWS\SYSTEM32\WINMM.dll
0x00007fffb1560000 - 0x00007fffb1569000 	C:\WINDOWS\SYSTEM32\WSOCK32.dll
0x00007fffcdca0000 - 0x00007fffcdceb000 	C:\WINDOWS\SYSTEM32\POWRPROF.dll
0x00007fffc70d0000 - 0x00007fffc70da000 	C:\WINDOWS\SYSTEM32\VERSION.dll
0x00007fffcf350000 - 0x00007fffcf3bb000 	C:\WINDOWS\System32\WS2_32.dll
0x00007fffcdc80000 - 0x00007fffcdc92000 	C:\WINDOWS\SYSTEM32\UMPDC.dll
0x00007fffcc640000 - 0x00007fffcc652000 	C:\WINDOWS\SYSTEM32\kernel.appcore.dll
0x00007fffc99e0000 - 0x00007fffc99ea000 	C:\Program Files\Android\Android Studio\jbr\bin\jimage.dll
0x00007fffcabc0000 - 0x00007fffcada4000 	C:\WINDOWS\SYSTEM32\DBGHELP.DLL
0x00007fffb2ff0000 - 0x00007fffb3024000 	C:\WINDOWS\SYSTEM32\dbgcore.DLL
0x00007fffce240000 - 0x00007fffce2c2000 	C:\WINDOWS\System32\bcryptPrimitives.dll
0x00007fffc9820000 - 0x00007fffc9845000 	C:\Program Files\Android\Android Studio\jbr\bin\java.dll

dbghelp: loaded successfully - version: 4.0.5 - missing functions: none
symbol engine: initialized successfully - sym options: 0x614 - pdb path: .;C:\Program Files\Android\Android Studio\jbr\bin;C:\WINDOWS\SYSTEM32;C:\WINDOWS\WinSxS\amd64_microsoft.windows.common-controls_6595b64144ccf1df_6.0.19041.4355_none_60b8b9eb71f62e16;C:\Program Files\Android\Android Studio\jbr\bin\server

VM Arguments:
java_command: git4idea.http.GitAskPassApp Username for 'https://github.com': 
java_class_path (initial): C:/Program Files/Android/Android Studio/plugins/vcs-git/lib/git4idea-rt.jar;C:/Program Files/Android/Android Studio/lib/externalProcess-rt.jar
Launcher Type: SUN_STANDARD

[Global flags]
     intx CICompilerCount                          = 4                                         {product} {ergonomic}
     uint ConcGCThreads                            = 2                                         {product} {ergonomic}
     uint G1ConcRefinementThreads                  = 8                                         {product} {ergonomic}
   size_t G1HeapRegionSize                         = 4194304                                   {product} {ergonomic}
    uintx GCDrainStackTargetSize                   = 64                                        {product} {ergonomic}
   size_t InitialHeapSize                          = 335544320                                 {product} {ergonomic}
   size_t MarkStackSize                            = 4194304                                   {product} {ergonomic}
   size_t MaxHeapSize                              = 5335154688                                {product} {ergonomic}
   size_t MinHeapDeltaBytes                        = 4194304                                   {product} {ergonomic}
   size_t MinHeapSize                              = 8388608                                   {product} {ergonomic}
    uintx NonNMethodCodeHeapSize                   = 5839372                                {pd product} {ergonomic}
    uintx NonProfiledCodeHeapSize                  = 122909434                              {pd product} {ergonomic}
    uintx ProfiledCodeHeapSize                     = 122909434                              {pd product} {ergonomic}
    uintx ReservedCodeCacheSize                    = 251658240                              {pd product} {ergonomic}
     bool SegmentedCodeCache                       = true                                      {product} {ergonomic}
   size_t SoftMaxHeapSize                          = 5335154688                             {manageable} {ergonomic}
     bool UseCompressedClassPointers               = true                           {product lp64_product} {ergonomic}
     bool UseCompressedOops                        = true                           {product lp64_product} {ergonomic}
     bool UseG1GC                                  = true                                      {product} {ergonomic}
     bool UseLargePagesIndividualAllocation        = false                                  {pd product} {ergonomic}

Logging:
Log output configuration:
 #0: stdout all=warning uptime,level,tags
 #1: stderr all=off uptime,level,tags

Environment Variables:
PATH=C:\Program Files\Git\mingw64\libexec\git-core;C:\Program Files\Git\mingw64\libexec\git-core;C:\Program Files\Git\mingw64\bin;C:\Program Files\Git\usr\bin;C:\Users\migue\bin;C:\Program Files\Common Files\Oracle\Java\javapath;C:\Program Files (x86)\Common Files\Oracle\Java\javapath;C:\Program Files (x86)\Intel\iCLS Client;C:\Program Files\Intel\iCLS Client;C:\WINDOWS\system32;C:\WINDOWS;C:\WINDOWS\System32\Wbem;C:\WINDOWS\System32\WindowsPowerShell\v1.0;C:\Program Files (x86)\Intel\Intel(R) Management Engine Components\DAL;C:\Program Files\Intel\Intel(R) Management Engine Components\DAL;C:\Program Files (x86)\Intel\Intel(R) Management Engine Components\IPT;C:\Program Files\Intel\Intel(R) Management Engine Components\IPT;C:\WINDOWS\System32\OpenSSH;C:\Program Files\dotnet;C:\Program Files (x86)\Java\Windows Performance Toolkit;C:\Program Files (x86)\Microsoft SQL Server\160\Tools\Binn;C:\Program Files\Microsoft SQL Server\160\Tools\Binn;C:\Program Files\Microsoft SQL Server\Client SDK\ODBC\170\Tools\Binn;C:\Program Files\Microsoft SQL Server\160\DTS\Binn;C:\Program Files (x86)\Microsoft SQL Server\160\DTS\Binn;C:\Program Files\Azure Data Studio\bin;C:\Program Files\Microsoft SQL Server\150\Tools\Binn;C:\Program Files\nodejs;C:\Program Files\Git\cmd;C:\Users\migue\AppData\Local\Programs\Python\Python312\Scripts;C:\Users\migue\AppData\Local\Programs\Python\Python312;C:\Users\migue\AppData\Local\Microsoft\WindowsApps;C:\Users\migue\AppData\Local\Programs\Microsoft VS Code\bin;C:\AppServ\Apache24\bin;C:\AppServ\php7;C:\AppServ\MySQL\bin;C:\Program Files\Azure Data Studio\bin;C:\Users\migue\AppData\Roaming\npm;C:\Users\migue\.dotnet\tools
USERNAME=migue
DISPLAY=:0.0
LC_ALL=en_US.UTF-8
TERM=xterm-256color
TMPDIR=C:\Users\migue\AppData\Local\Temp
OS=Windows_NT
PROCESSOR_IDENTIFIER=Intel64 Family 6 Model 142 Stepping 10, GenuineIntel
TMP=C:\Users\migue\AppData\Local\Temp
TEMP=C:\Users\migue\AppData\Local\Temp



Periodic native trim disabled

JNI global refs:
JNI global refs: 0, weak refs: 0

JNI global refs memory usage: 0, weak refs: 0

Process memory usage:
Resident Set Size: 10996K (0% of 20827352K total physical memory with 982248K free physical memory)

OOME stack traces (most recent first):
Classloader memory used:


---------------  S Y S T E M  ---------------

OS:
 Windows 10 , 64 bit Build 19041 (10.0.19041.4842)
OS uptime: 0 days 21:07 hours

CPU: total 8 (initial active 8) (4 cores per cpu, 2 threads per core) family 6 model 142 stepping 10 microcode 0xf4, cx8, cmov, fxsr, ht, mmx, 3dnowpref, sse, sse2, sse3, ssse3, sse4.1, sse4.2, popcnt, lzcnt, tsc, tscinvbit, avx, avx2, aes, erms, clmul, bmi1, bmi2, adx, fma, vzeroupper, clflush, clflushopt
Processor Information for all 8 processors :
  Max Mhz: 1800, Current Mhz: 1600, Mhz Limit: 1584

Memory: 4k page, system-wide physical 20339M (959M free)
TotalPageFile size 22387M (AvailPageFile size 67M)
current process WorkingSet (physical memory assigned to process): 10M, peak: 10M
current process commit charge ("private bytes"): 60M, peak: 380M

vm_info: OpenJDK 64-Bit Server VM (17.0.11+0--11852314) for windows-amd64 JRE (17.0.11+0--11852314), built on May 16 2024 21:29:20 by "androidbuild" with MS VC++ 16.10 / 16.11 (VS2019)

END.
